{"uuid":"71918168-d256-48ee-a6ac-046b12f130ab","historyId":"477a0d2cba0dc445317af704b8b3e2e9","fullName":"Search: Compare iPhone 11 prices on Amazon","labels":[{"name":"host","value":"ADMIN"},{"name":"thread","value":"44244@ADMIN.main(1)"},{"name":"feature","value":"Search"},{"name":"story","value":"Compare iPhone 11 prices on Amazon"},{"name":"suite","value":"Search"},{"name":"testClass","value":"Compare iPhone 11 prices on Amazon"},{"name":"framework","value":"cucumber4jvm"},{"name":"language","value":"java"},{"name":"gherkin_uri","value":"file:///D:/VTI/Ecommerce_Product/src/main/resources/features/test.feature"},{"name":"package","value":"src.main.resources.features.test_feature.Search"}],"links":[],"name":"Compare iPhone 11 prices on Amazon","status":"broken","statusDetails":{"known":false,"muted":false,"flaky":false,"message":"invalid selector: Unable to locate an element with the xpath expression [Original Unlocked Apple iPhone 11 64GB/128GB/256GB 3110mAh Dual 12MP Camera A13 6.1 inch LCD Screen iOS LTE 4G iphone11 64GB Simple Set/Red]//div[starts-with(@cel_widget_id,'MAIN-SEARCH_RESULTS')]//a/span[@class='a-price'] because of the following error:\nSyntaxError: Failed to execute 'evaluate' on 'Document': The string '[Original Unlocked Apple iPhone 11 64GB/128GB/256GB 3110mAh Dual 12MP Camera A13 6.1 inch LCD Screen iOS LTE 4G iphone11 64GB Simple Set/Red]//div[starts-with(@cel_widget_id,'MAIN-SEARCH_RESULTS')]//a/span[@class='a-price']' is not a valid XPath expression.\n  (Session info: MicrosoftEdge=117.0.2045.41)\nFor documentation on this error, please visit: https://www.selenium.dev/documentation/webdriver/troubleshooting/errors#invalid-selector-exception\nBuild info: version: '4.12.0', revision: '249f2a7d1b*'\nSystem info: os.name: 'Windows 11', os.arch: 'amd64', os.version: '10.0', java.version: '11.0.17'\nDriver info: org.openqa.selenium.edge.EdgeDriver\nCommand: [4f87f10c9440156f601c5ef8341e21e9, findElement {using=xpath, value=[Original Unlocked Apple iPhone 11 64GB/128GB/256GB 3110mAh Dual 12MP Camera A13 6.1 inch LCD Screen iOS LTE 4G iphone11 64GB Simple Set/Red]//div[starts-with(@cel_widget_id,'MAIN-SEARCH_RESULTS')]//a/span[@class='a-price']}]\nCapabilities {acceptInsecureCerts: false, browserName: msedge, browserVersion: 117.0.2045.41, fedcm:accounts: true, ms:edgeOptions: {debuggerAddress: localhost:61825}, msedge: {msedgedriverVersion: 117.0.2045.43 (fe8879882c1b..., userDataDir: C:\\Users\\tieuh\\AppData\\Loca...}, networkConnectionEnabled: false, pageLoadStrategy: normal, platformName: windows, proxy: Proxy(), se:cdp: ws://localhost:61825/devtoo..., se:cdpVersion: 117.0.2045.41, setWindowRect: true, strictFileInteractability: false, timeouts: {implicit: 0, pageLoad: 300000, script: 30000}, unhandledPromptBehavior: dismiss and notify, webauthn:extension:credBlob: true, webauthn:extension:largeBlob: true, webauthn:extension:minPinLength: true, webauthn:extension:prf: true, webauthn:virtualAuthenticators: true}\nSession ID: 4f87f10c9440156f601c5ef8341e21e9","trace":"org.openqa.selenium.InvalidSelectorException: invalid selector: Unable to locate an element with the xpath expression [Original Unlocked Apple iPhone 11 64GB/128GB/256GB 3110mAh Dual 12MP Camera A13 6.1 inch LCD Screen iOS LTE 4G iphone11 64GB Simple Set/Red]//div[starts-with(@cel_widget_id,'MAIN-SEARCH_RESULTS')]//a/span[@class='a-price'] because of the following error:\nSyntaxError: Failed to execute 'evaluate' on 'Document': The string '[Original Unlocked Apple iPhone 11 64GB/128GB/256GB 3110mAh Dual 12MP Camera A13 6.1 inch LCD Screen iOS LTE 4G iphone11 64GB Simple Set/Red]//div[starts-with(@cel_widget_id,'MAIN-SEARCH_RESULTS')]//a/span[@class='a-price']' is not a valid XPath expression.\n  (Session info: MicrosoftEdge=117.0.2045.41)\nFor documentation on this error, please visit: https://www.selenium.dev/documentation/webdriver/troubleshooting/errors#invalid-selector-exception\nBuild info: version: '4.12.0', revision: '249f2a7d1b*'\nSystem info: os.name: 'Windows 11', os.arch: 'amd64', os.version: '10.0', java.version: '11.0.17'\nDriver info: org.openqa.selenium.edge.EdgeDriver\nCommand: [4f87f10c9440156f601c5ef8341e21e9, findElement {using=xpath, value=[Original Unlocked Apple iPhone 11 64GB/128GB/256GB 3110mAh Dual 12MP Camera A13 6.1 inch LCD Screen iOS LTE 4G iphone11 64GB Simple Set/Red]//div[starts-with(@cel_widget_id,'MAIN-SEARCH_RESULTS')]//a/span[@class='a-price']}]\nCapabilities {acceptInsecureCerts: false, browserName: msedge, browserVersion: 117.0.2045.41, fedcm:accounts: true, ms:edgeOptions: {debuggerAddress: localhost:61825}, msedge: {msedgedriverVersion: 117.0.2045.43 (fe8879882c1b..., userDataDir: C:\\Users\\tieuh\\AppData\\Loca...}, networkConnectionEnabled: false, pageLoadStrategy: normal, platformName: windows, proxy: Proxy(), se:cdp: ws://localhost:61825/devtoo..., se:cdpVersion: 117.0.2045.41, setWindowRect: true, strictFileInteractability: false, timeouts: {implicit: 0, pageLoad: 300000, script: 30000}, unhandledPromptBehavior: dismiss and notify, webauthn:extension:credBlob: true, webauthn:extension:largeBlob: true, webauthn:extension:minPinLength: true, webauthn:extension:prf: true, webauthn:virtualAuthenticators: true}\nSession ID: 4f87f10c9440156f601c5ef8341e21e9\r\n\tat java.base/jdk.internal.reflect.NativeConstructorAccessorImpl.newInstance0(Native Method)\r\n\tat java.base/jdk.internal.reflect.NativeConstructorAccessorImpl.newInstance(NativeConstructorAccessorImpl.java:62)\r\n\tat java.base/jdk.internal.reflect.DelegatingConstructorAccessorImpl.newInstance(DelegatingConstructorAccessorImpl.java:45)\r\n\tat java.base/java.lang.reflect.Constructor.newInstance(Constructor.java:490)\r\n\tat org.openqa.selenium.remote.codec.w3c.W3CHttpResponseCodec.createException(W3CHttpResponseCodec.java:200)\r\n\tat org.openqa.selenium.remote.codec.w3c.W3CHttpResponseCodec.decode(W3CHttpResponseCodec.java:133)\r\n\tat org.openqa.selenium.remote.codec.w3c.W3CHttpResponseCodec.decode(W3CHttpResponseCodec.java:52)\r\n\tat org.openqa.selenium.remote.HttpCommandExecutor.execute(HttpCommandExecutor.java:191)\r\n\tat org.openqa.selenium.remote.service.DriverCommandExecutor.invokeExecute(DriverCommandExecutor.java:196)\r\n\tat org.openqa.selenium.remote.service.DriverCommandExecutor.execute(DriverCommandExecutor.java:171)\r\n\tat org.openqa.selenium.remote.RemoteWebDriver.execute(RemoteWebDriver.java:602)\r\n\tat org.openqa.selenium.remote.ElementLocation$ElementFinder$2.findElement(ElementLocation.java:165)\r\n\tat org.openqa.selenium.remote.ElementLocation.findElement(ElementLocation.java:59)\r\n\tat org.openqa.selenium.remote.RemoteWebDriver.findElement(RemoteWebDriver.java:359)\r\n\tat org.openqa.selenium.remote.RemoteWebDriver.findElement(RemoteWebDriver.java:353)\r\n\tat keywords.WebUI$4.apply(WebUI.java:1429)\r\n\tat keywords.WebUI$4.apply(WebUI.java:1426)\r\n\tat org.openqa.selenium.support.ui.FluentWait.until(FluentWait.java:205)\r\n\tat keywords.WebUI.findElementWithParam(WebUI.java:1426)\r\n\tat page.Amazon.findListProductSearch(Amazon.java:70)\r\n\tat step.AmazonStep.printListOfSearchedProducts(AmazonStep.java:39)\r\n\tat ✽.Customer see the list of searched products(file:///D:/VTI/Ecommerce_Product/src/main/resources/features/test.feature:9)\r\n"},"stage":"finished","description":"  Compare iPhone 11 prices on multiple ecommerce websites","steps":[{"name":"Given  Customer open the Amazon website","status":"passed","statusDetails":{"known":false,"muted":false,"flaky":false},"stage":"finished","steps":[],"attachments":[],"parameters":[],"start":1695783218848,"stop":1695783221094},{"name":"When  Customer input into search textbox on Amazon","status":"passed","statusDetails":{"known":false,"muted":false,"flaky":false},"stage":"finished","steps":[],"attachments":[{"name":"Data table","source":"00d4b9b3-d061-47bf-8b41-d1bfa39f1d26-attachment.csv","type":"text/tab-separated-values"},{"name":"Finding web element located by 'By.xpath: //input[@id='twotabsearchtextbox']'","source":"dad5ac2b-1714-4536-a3c3-6e8cc14dfb31-attachment","type":"text/plain"},{"name":"Found 1 web element located by 'By.xpath: //input[@id='twotabsearchtextbox']'","source":"3ea863b4-dea3-479f-8215-b944355a65f8-attachment","type":"text/plain"},{"name":"Finding web element located by 'By.xpath: //input[@id='nav-search-submit-button']'","source":"b961b06f-670f-4ec8-81c8-01b4e77c26c9-attachment","type":"text/plain"},{"name":"Found 1 web element located by 'By.xpath: //input[@id='nav-search-submit-button']'","source":"9760b966-8040-4acd-9ae7-146ecc621e19-attachment","type":"text/plain"}],"parameters":[],"start":1695783221098,"stop":1695783237811},{"name":"Then  Customer see the list of searched products","status":"broken","statusDetails":{"known":false,"muted":false,"flaky":false,"message":"invalid selector: Unable to locate an element with the xpath expression [Original Unlocked Apple iPhone 11 64GB/128GB/256GB 3110mAh Dual 12MP Camera A13 6.1 inch LCD Screen iOS LTE 4G iphone11 64GB Simple Set/Red]//div[starts-with(@cel_widget_id,'MAIN-SEARCH_RESULTS')]//a/span[@class='a-price'] because of the following error:\nSyntaxError: Failed to execute 'evaluate' on 'Document': The string '[Original Unlocked Apple iPhone 11 64GB/128GB/256GB 3110mAh Dual 12MP Camera A13 6.1 inch LCD Screen iOS LTE 4G iphone11 64GB Simple Set/Red]//div[starts-with(@cel_widget_id,'MAIN-SEARCH_RESULTS')]//a/span[@class='a-price']' is not a valid XPath expression.\n  (Session info: MicrosoftEdge=117.0.2045.41)\nFor documentation on this error, please visit: https://www.selenium.dev/documentation/webdriver/troubleshooting/errors#invalid-selector-exception\nBuild info: version: '4.12.0', revision: '249f2a7d1b*'\nSystem info: os.name: 'Windows 11', os.arch: 'amd64', os.version: '10.0', java.version: '11.0.17'\nDriver info: org.openqa.selenium.edge.EdgeDriver\nCommand: [4f87f10c9440156f601c5ef8341e21e9, findElement {using=xpath, value=[Original Unlocked Apple iPhone 11 64GB/128GB/256GB 3110mAh Dual 12MP Camera A13 6.1 inch LCD Screen iOS LTE 4G iphone11 64GB Simple Set/Red]//div[starts-with(@cel_widget_id,'MAIN-SEARCH_RESULTS')]//a/span[@class='a-price']}]\nCapabilities {acceptInsecureCerts: false, browserName: msedge, browserVersion: 117.0.2045.41, fedcm:accounts: true, ms:edgeOptions: {debuggerAddress: localhost:61825}, msedge: {msedgedriverVersion: 117.0.2045.43 (fe8879882c1b..., userDataDir: C:\\Users\\tieuh\\AppData\\Loca...}, networkConnectionEnabled: false, pageLoadStrategy: normal, platformName: windows, proxy: Proxy(), se:cdp: ws://localhost:61825/devtoo..., se:cdpVersion: 117.0.2045.41, setWindowRect: true, strictFileInteractability: false, timeouts: {implicit: 0, pageLoad: 300000, script: 30000}, unhandledPromptBehavior: dismiss and notify, webauthn:extension:credBlob: true, webauthn:extension:largeBlob: true, webauthn:extension:minPinLength: true, webauthn:extension:prf: true, webauthn:virtualAuthenticators: true}\nSession ID: 4f87f10c9440156f601c5ef8341e21e9","trace":"org.openqa.selenium.InvalidSelectorException: invalid selector: Unable to locate an element with the xpath expression [Original Unlocked Apple iPhone 11 64GB/128GB/256GB 3110mAh Dual 12MP Camera A13 6.1 inch LCD Screen iOS LTE 4G iphone11 64GB Simple Set/Red]//div[starts-with(@cel_widget_id,'MAIN-SEARCH_RESULTS')]//a/span[@class='a-price'] because of the following error:\nSyntaxError: Failed to execute 'evaluate' on 'Document': The string '[Original Unlocked Apple iPhone 11 64GB/128GB/256GB 3110mAh Dual 12MP Camera A13 6.1 inch LCD Screen iOS LTE 4G iphone11 64GB Simple Set/Red]//div[starts-with(@cel_widget_id,'MAIN-SEARCH_RESULTS')]//a/span[@class='a-price']' is not a valid XPath expression.\n  (Session info: MicrosoftEdge=117.0.2045.41)\nFor documentation on this error, please visit: https://www.selenium.dev/documentation/webdriver/troubleshooting/errors#invalid-selector-exception\nBuild info: version: '4.12.0', revision: '249f2a7d1b*'\nSystem info: os.name: 'Windows 11', os.arch: 'amd64', os.version: '10.0', java.version: '11.0.17'\nDriver info: org.openqa.selenium.edge.EdgeDriver\nCommand: [4f87f10c9440156f601c5ef8341e21e9, findElement {using=xpath, value=[Original Unlocked Apple iPhone 11 64GB/128GB/256GB 3110mAh Dual 12MP Camera A13 6.1 inch LCD Screen iOS LTE 4G iphone11 64GB Simple Set/Red]//div[starts-with(@cel_widget_id,'MAIN-SEARCH_RESULTS')]//a/span[@class='a-price']}]\nCapabilities {acceptInsecureCerts: false, browserName: msedge, browserVersion: 117.0.2045.41, fedcm:accounts: true, ms:edgeOptions: {debuggerAddress: localhost:61825}, msedge: {msedgedriverVersion: 117.0.2045.43 (fe8879882c1b..., userDataDir: C:\\Users\\tieuh\\AppData\\Loca...}, networkConnectionEnabled: false, pageLoadStrategy: normal, platformName: windows, proxy: Proxy(), se:cdp: ws://localhost:61825/devtoo..., se:cdpVersion: 117.0.2045.41, setWindowRect: true, strictFileInteractability: false, timeouts: {implicit: 0, pageLoad: 300000, script: 30000}, unhandledPromptBehavior: dismiss and notify, webauthn:extension:credBlob: true, webauthn:extension:largeBlob: true, webauthn:extension:minPinLength: true, webauthn:extension:prf: true, webauthn:virtualAuthenticators: true}\nSession ID: 4f87f10c9440156f601c5ef8341e21e9\r\n\tat java.base/jdk.internal.reflect.NativeConstructorAccessorImpl.newInstance0(Native Method)\r\n\tat java.base/jdk.internal.reflect.NativeConstructorAccessorImpl.newInstance(NativeConstructorAccessorImpl.java:62)\r\n\tat java.base/jdk.internal.reflect.DelegatingConstructorAccessorImpl.newInstance(DelegatingConstructorAccessorImpl.java:45)\r\n\tat java.base/java.lang.reflect.Constructor.newInstance(Constructor.java:490)\r\n\tat org.openqa.selenium.remote.codec.w3c.W3CHttpResponseCodec.createException(W3CHttpResponseCodec.java:200)\r\n\tat org.openqa.selenium.remote.codec.w3c.W3CHttpResponseCodec.decode(W3CHttpResponseCodec.java:133)\r\n\tat org.openqa.selenium.remote.codec.w3c.W3CHttpResponseCodec.decode(W3CHttpResponseCodec.java:52)\r\n\tat org.openqa.selenium.remote.HttpCommandExecutor.execute(HttpCommandExecutor.java:191)\r\n\tat org.openqa.selenium.remote.service.DriverCommandExecutor.invokeExecute(DriverCommandExecutor.java:196)\r\n\tat org.openqa.selenium.remote.service.DriverCommandExecutor.execute(DriverCommandExecutor.java:171)\r\n\tat org.openqa.selenium.remote.RemoteWebDriver.execute(RemoteWebDriver.java:602)\r\n\tat org.openqa.selenium.remote.ElementLocation$ElementFinder$2.findElement(ElementLocation.java:165)\r\n\tat org.openqa.selenium.remote.ElementLocation.findElement(ElementLocation.java:59)\r\n\tat org.openqa.selenium.remote.RemoteWebDriver.findElement(RemoteWebDriver.java:359)\r\n\tat org.openqa.selenium.remote.RemoteWebDriver.findElement(RemoteWebDriver.java:353)\r\n\tat keywords.WebUI$4.apply(WebUI.java:1429)\r\n\tat keywords.WebUI$4.apply(WebUI.java:1426)\r\n\tat org.openqa.selenium.support.ui.FluentWait.until(FluentWait.java:205)\r\n\tat keywords.WebUI.findElementWithParam(WebUI.java:1426)\r\n\tat page.Amazon.findListProductSearch(Amazon.java:70)\r\n\tat step.AmazonStep.printListOfSearchedProducts(AmazonStep.java:39)\r\n\tat ✽.Customer see the list of searched products(file:///D:/VTI/Ecommerce_Product/src/main/resources/features/test.feature:9)\r\n"},"stage":"finished","steps":[{"name":"find all products after search on amazon.com","status":"broken","statusDetails":{"known":false,"muted":false,"flaky":false,"message":"invalid selector: Unable to locate an element with the xpath expression [Original Unlocked Apple iPhone 11 64GB/128GB/256GB 3110mAh Dual 12MP Camera A13 6.1 inch LCD Screen iOS LTE 4G iphone11 64GB Simple Set/Red]//div[starts-with(@cel_widget_id,'MAIN-SEARCH_RESULTS')]//a/span[@class='a-price'] because of the following error:\nSyntaxError: Failed to execute 'evaluate' on 'Document': The string '[Original Unlocked Apple iPhone 11 64GB/128GB/256GB 3110mAh Dual 12MP Camera A13 6.1 inch LCD Screen iOS LTE 4G iphone11 64GB Simple Set/Red]//div[starts-with(@cel_widget_id,'MAIN-SEARCH_RESULTS')]//a/span[@class='a-price']' is not a valid XPath expression.\n  (Session info: MicrosoftEdge=117.0.2045.41)\nFor documentation on this error, please visit: https://www.selenium.dev/documentation/webdriver/troubleshooting/errors#invalid-selector-exception\nBuild info: version: '4.12.0', revision: '249f2a7d1b*'\nSystem info: os.name: 'Windows 11', os.arch: 'amd64', os.version: '10.0', java.version: '11.0.17'\nDriver info: org.openqa.selenium.edge.EdgeDriver\nCommand: [4f87f10c9440156f601c5ef8341e21e9, findElement {using=xpath, value=[Original Unlocked Apple iPhone 11 64GB/128GB/256GB 3110mAh Dual 12MP Camera A13 6.1 inch LCD Screen iOS LTE 4G iphone11 64GB Simple Set/Red]//div[starts-with(@cel_widget_id,'MAIN-SEARCH_RESULTS')]//a/span[@class='a-price']}]\nCapabilities {acceptInsecureCerts: false, browserName: msedge, browserVersion: 117.0.2045.41, fedcm:accounts: true, ms:edgeOptions: {debuggerAddress: localhost:61825}, msedge: {msedgedriverVersion: 117.0.2045.43 (fe8879882c1b..., userDataDir: C:\\Users\\tieuh\\AppData\\Loca...}, networkConnectionEnabled: false, pageLoadStrategy: normal, platformName: windows, proxy: Proxy(), se:cdp: ws://localhost:61825/devtoo..., se:cdpVersion: 117.0.2045.41, setWindowRect: true, strictFileInteractability: false, timeouts: {implicit: 0, pageLoad: 300000, script: 30000}, unhandledPromptBehavior: dismiss and notify, webauthn:extension:credBlob: true, webauthn:extension:largeBlob: true, webauthn:extension:minPinLength: true, webauthn:extension:prf: true, webauthn:virtualAuthenticators: true}\nSession ID: 4f87f10c9440156f601c5ef8341e21e9","trace":"org.openqa.selenium.InvalidSelectorException: invalid selector: Unable to locate an element with the xpath expression [Original Unlocked Apple iPhone 11 64GB/128GB/256GB 3110mAh Dual 12MP Camera A13 6.1 inch LCD Screen iOS LTE 4G iphone11 64GB Simple Set/Red]//div[starts-with(@cel_widget_id,'MAIN-SEARCH_RESULTS')]//a/span[@class='a-price'] because of the following error:\nSyntaxError: Failed to execute 'evaluate' on 'Document': The string '[Original Unlocked Apple iPhone 11 64GB/128GB/256GB 3110mAh Dual 12MP Camera A13 6.1 inch LCD Screen iOS LTE 4G iphone11 64GB Simple Set/Red]//div[starts-with(@cel_widget_id,'MAIN-SEARCH_RESULTS')]//a/span[@class='a-price']' is not a valid XPath expression.\n  (Session info: MicrosoftEdge=117.0.2045.41)\nFor documentation on this error, please visit: https://www.selenium.dev/documentation/webdriver/troubleshooting/errors#invalid-selector-exception\nBuild info: version: '4.12.0', revision: '249f2a7d1b*'\nSystem info: os.name: 'Windows 11', os.arch: 'amd64', os.version: '10.0', java.version: '11.0.17'\nDriver info: org.openqa.selenium.edge.EdgeDriver\nCommand: [4f87f10c9440156f601c5ef8341e21e9, findElement {using=xpath, value=[Original Unlocked Apple iPhone 11 64GB/128GB/256GB 3110mAh Dual 12MP Camera A13 6.1 inch LCD Screen iOS LTE 4G iphone11 64GB Simple Set/Red]//div[starts-with(@cel_widget_id,'MAIN-SEARCH_RESULTS')]//a/span[@class='a-price']}]\nCapabilities {acceptInsecureCerts: false, browserName: msedge, browserVersion: 117.0.2045.41, fedcm:accounts: true, ms:edgeOptions: {debuggerAddress: localhost:61825}, msedge: {msedgedriverVersion: 117.0.2045.43 (fe8879882c1b..., userDataDir: C:\\Users\\tieuh\\AppData\\Loca...}, networkConnectionEnabled: false, pageLoadStrategy: normal, platformName: windows, proxy: Proxy(), se:cdp: ws://localhost:61825/devtoo..., se:cdpVersion: 117.0.2045.41, setWindowRect: true, strictFileInteractability: false, timeouts: {implicit: 0, pageLoad: 300000, script: 30000}, unhandledPromptBehavior: dismiss and notify, webauthn:extension:credBlob: true, webauthn:extension:largeBlob: true, webauthn:extension:minPinLength: true, webauthn:extension:prf: true, webauthn:virtualAuthenticators: true}\nSession ID: 4f87f10c9440156f601c5ef8341e21e9\r\n\tat java.base/jdk.internal.reflect.NativeConstructorAccessorImpl.newInstance0(Native Method)\r\n\tat java.base/jdk.internal.reflect.NativeConstructorAccessorImpl.newInstance(NativeConstructorAccessorImpl.java:62)\r\n\tat java.base/jdk.internal.reflect.DelegatingConstructorAccessorImpl.newInstance(DelegatingConstructorAccessorImpl.java:45)\r\n\tat java.base/java.lang.reflect.Constructor.newInstance(Constructor.java:490)\r\n\tat org.openqa.selenium.remote.codec.w3c.W3CHttpResponseCodec.createException(W3CHttpResponseCodec.java:200)\r\n\tat org.openqa.selenium.remote.codec.w3c.W3CHttpResponseCodec.decode(W3CHttpResponseCodec.java:133)\r\n\tat org.openqa.selenium.remote.codec.w3c.W3CHttpResponseCodec.decode(W3CHttpResponseCodec.java:52)\r\n\tat org.openqa.selenium.remote.HttpCommandExecutor.execute(HttpCommandExecutor.java:191)\r\n\tat org.openqa.selenium.remote.service.DriverCommandExecutor.invokeExecute(DriverCommandExecutor.java:196)\r\n\tat org.openqa.selenium.remote.service.DriverCommandExecutor.execute(DriverCommandExecutor.java:171)\r\n\tat org.openqa.selenium.remote.RemoteWebDriver.execute(RemoteWebDriver.java:602)\r\n\tat org.openqa.selenium.remote.ElementLocation$ElementFinder$2.findElement(ElementLocation.java:165)\r\n\tat org.openqa.selenium.remote.ElementLocation.findElement(ElementLocation.java:59)\r\n\tat org.openqa.selenium.remote.RemoteWebDriver.findElement(RemoteWebDriver.java:359)\r\n\tat org.openqa.selenium.remote.RemoteWebDriver.findElement(RemoteWebDriver.java:353)\r\n\tat keywords.WebUI$4.apply(WebUI.java:1429)\r\n\tat keywords.WebUI$4.apply(WebUI.java:1426)\r\n\tat org.openqa.selenium.support.ui.FluentWait.until(FluentWait.java:205)\r\n\tat keywords.WebUI.findElementWithParam(WebUI.java:1426)\r\n\tat page.Amazon.findListProductSearch(Amazon.java:70)\r\n\tat step.AmazonStep.printListOfSearchedProducts(AmazonStep.java:39)\r\n\tat java.base/jdk.internal.reflect.NativeMethodAccessorImpl.invoke0(Native Method)\r\n\tat java.base/jdk.internal.reflect.NativeMethodAccessorImpl.invoke(NativeMethodAccessorImpl.java:62)\r\n\tat java.base/jdk.internal.reflect.DelegatingMethodAccessorImpl.invoke(DelegatingMethodAccessorImpl.java:43)\r\n\tat java.base/java.lang.reflect.Method.invoke(Method.java:566)\r\n\tat io.cucumber.java.Invoker.doInvoke(Invoker.java:66)\r\n\tat io.cucumber.java.Invoker.invoke(Invoker.java:24)\r\n\tat io.cucumber.java.AbstractGlueDefinition.invokeMethod(AbstractGlueDefinition.java:47)\r\n\tat io.cucumber.java.JavaStepDefinition.execute(JavaStepDefinition.java:29)\r\n\tat io.cucumber.core.runner.CoreStepDefinition.execute(CoreStepDefinition.java:66)\r\n\tat io.cucumber.core.runner.PickleStepDefinitionMatch.runStep(PickleStepDefinitionMatch.java:63)\r\n\tat io.cucumber.core.runner.ExecutionMode$1.execute(ExecutionMode.java:10)\r\n\tat io.cucumber.core.runner.TestStep.executeStep(TestStep.java:84)\r\n\tat io.cucumber.core.runner.TestStep.run(TestStep.java:56)\r\n\tat io.cucumber.core.runner.PickleStepTestStep.run(PickleStepTestStep.java:51)\r\n\tat io.cucumber.core.runner.TestCase.run(TestCase.java:84)\r\n\tat io.cucumber.core.runner.Runner.runPickle(Runner.java:75)\r\n\tat io.cucumber.testng.TestNGCucumberRunner.lambda$runScenario$1(TestNGCucumberRunner.java:132)\r\n\tat io.cucumber.core.runtime.CucumberExecutionContext.lambda$runTestCase$5(CucumberExecutionContext.java:137)\r\n\tat io.cucumber.core.runtime.RethrowingThrowableCollector.executeAndThrow(RethrowingThrowableCollector.java:23)\r\n\tat io.cucumber.core.runtime.CucumberExecutionContext.runTestCase(CucumberExecutionContext.java:137)\r\n\tat io.cucumber.testng.TestNGCucumberRunner.runScenario(TestNGCucumberRunner.java:129)\r\n\tat io.cucumber.testng.AbstractTestNGCucumberTests.runScenario(AbstractTestNGCucumberTests.java:35)\r\n\tat java.base/jdk.internal.reflect.NativeMethodAccessorImpl.invoke0(Native Method)\r\n\tat java.base/jdk.internal.reflect.NativeMethodAccessorImpl.invoke(NativeMethodAccessorImpl.java:62)\r\n\tat java.base/jdk.internal.reflect.DelegatingMethodAccessorImpl.invoke(DelegatingMethodAccessorImpl.java:43)\r\n\tat java.base/java.lang.reflect.Method.invoke(Method.java:566)\r\n\tat org.testng.internal.invokers.MethodInvocationHelper.invokeMethod(MethodInvocationHelper.java:139)\r\n\tat org.testng.internal.invokers.TestInvoker.invokeMethod(TestInvoker.java:664)\r\n\tat org.testng.internal.invokers.TestInvoker.invokeTestMethod(TestInvoker.java:227)\r\n\tat org.testng.internal.invokers.MethodRunner.runInSequence(MethodRunner.java:50)\r\n\tat org.testng.internal.invokers.TestInvoker$MethodInvocationAgent.invoke(TestInvoker.java:957)\r\n\tat org.testng.internal.invokers.TestInvoker.invokeTestMethods(TestInvoker.java:200)\r\n\tat org.testng.internal.invokers.TestMethodWorker.invokeTestMethods(TestMethodWorker.java:148)\r\n\tat org.testng.internal.invokers.TestMethodWorker.run(TestMethodWorker.java:128)\r\n\tat java.base/java.util.ArrayList.forEach(ArrayList.java:1541)\r\n\tat org.testng.TestRunner.privateRun(TestRunner.java:848)\r\n\tat org.testng.TestRunner.run(TestRunner.java:621)\r\n\tat org.testng.SuiteRunner.runTest(SuiteRunner.java:443)\r\n\tat org.testng.SuiteRunner.runSequentially(SuiteRunner.java:437)\r\n\tat org.testng.SuiteRunner.privateRun(SuiteRunner.java:397)\r\n\tat org.testng.SuiteRunner.run(SuiteRunner.java:336)\r\n\tat org.testng.SuiteRunnerWorker.runSuite(SuiteRunnerWorker.java:52)\r\n\tat org.testng.SuiteRunnerWorker.run(SuiteRunnerWorker.java:95)\r\n\tat org.testng.TestNG.runSuitesSequentially(TestNG.java:1280)\r\n\tat org.testng.TestNG.runSuitesLocally(TestNG.java:1200)\r\n\tat org.testng.TestNG.runSuites(TestNG.java:1114)\r\n\tat org.testng.TestNG.run(TestNG.java:1082)\r\n\tat com.intellij.rt.testng.IDEARemoteTestNG.run(IDEARemoteTestNG.java:66)\r\n\tat com.intellij.rt.testng.RemoteTestNGStarter.main(RemoteTestNGStarter.java:109)\r\n"},"stage":"finished","steps":[],"attachments":[],"parameters":[],"start":1695783237820,"stop":1695783241935}],"attachments":[],"parameters":[],"start":1695783237811,"stop":1695783241939}],"attachments":[],"parameters":[],"start":1695783218843,"stop":1695783241945}