{"uuid":"8db7fe6a-0398-49d3-ad90-383071ef13a9","historyId":"477a0d2cba0dc445317af704b8b3e2e9","fullName":"Search: Compare iPhone 11 prices on Amazon","labels":[{"name":"host","value":"ADMIN"},{"name":"thread","value":"324@ADMIN.main(1)"},{"name":"feature","value":"Search"},{"name":"story","value":"Compare iPhone 11 prices on Amazon"},{"name":"suite","value":"Search"},{"name":"testClass","value":"Compare iPhone 11 prices on Amazon"},{"name":"framework","value":"cucumber4jvm"},{"name":"language","value":"java"},{"name":"gherkin_uri","value":"file:///D:/VTI/Ecommerce_Product/src/main/resources/features/test.feature"},{"name":"package","value":"src.main.resources.features.test_feature.Search"}],"links":[],"name":"Compare iPhone 11 prices on Amazon","status":"broken","statusDetails":{"known":false,"muted":false,"flaky":false,"message":"invalid selector: Unable to locate an element with the xpath expression //div[@data-component-type='s-search-result'][contains(text(), ''Original Unlocked Apple iPhone 11 64GB/128GB/256GB 3110mAh Dual 12MP Camera A13 6.1 inch LCD Screen iOS LTE 4G iphone11 64GB Simple Set/Red'')]//div[starts-with(@cel_widget_id,'MAIN-SEARCH_RESULTS')]//a/span[@class='a-price'] because of the following error:\nSyntaxError: Failed to execute 'evaluate' on 'Document': The string '//div[@data-component-type='s-search-result'][contains(text(), ''Original Unlocked Apple iPhone 11 64GB/128GB/256GB 3110mAh Dual 12MP Camera A13 6.1 inch LCD Screen iOS LTE 4G iphone11 64GB Simple Set/Red'')]//div[starts-with(@cel_widget_id,'MAIN-SEARCH_RESULTS')]//a/span[@class='a-price']' is not a valid XPath expression.\n  (Session info: MicrosoftEdge=117.0.2045.41)\nFor documentation on this error, please visit: https://www.selenium.dev/documentation/webdriver/troubleshooting/errors#invalid-selector-exception\nBuild info: version: '4.12.0', revision: '249f2a7d1b*'\nSystem info: os.name: 'Windows 11', os.arch: 'amd64', os.version: '10.0', java.version: '11.0.17'\nDriver info: org.openqa.selenium.edge.EdgeDriver\nCommand: [f1e6739da5ac69711e6a927cfa335eca, findElement {using=xpath, value=//div[@data-component-type='s-search-result'][contains(text(), ''Original Unlocked Apple iPhone 11 64GB/128GB/256GB 3110mAh Dual 12MP Camera A13 6.1 inch LCD Screen iOS LTE 4G iphone11 64GB Simple Set/Red'')]//div[starts-with(@cel_widget_id,'MAIN-SEARCH_RESULTS')]//a/span[@class='a-price']}]\nCapabilities {acceptInsecureCerts: false, browserName: msedge, browserVersion: 117.0.2045.41, fedcm:accounts: true, ms:edgeOptions: {debuggerAddress: localhost:58692}, msedge: {msedgedriverVersion: 117.0.2045.43 (fe8879882c1b..., userDataDir: C:\\Users\\tieuh\\AppData\\Loca...}, networkConnectionEnabled: false, pageLoadStrategy: normal, platformName: windows, proxy: Proxy(), se:cdp: ws://localhost:58692/devtoo..., se:cdpVersion: 117.0.2045.41, setWindowRect: true, strictFileInteractability: false, timeouts: {implicit: 0, pageLoad: 300000, script: 30000}, unhandledPromptBehavior: dismiss and notify, webauthn:extension:credBlob: true, webauthn:extension:largeBlob: true, webauthn:extension:minPinLength: true, webauthn:extension:prf: true, webauthn:virtualAuthenticators: true}\nSession ID: f1e6739da5ac69711e6a927cfa335eca","trace":"org.openqa.selenium.InvalidSelectorException: invalid selector: Unable to locate an element with the xpath expression //div[@data-component-type='s-search-result'][contains(text(), ''Original Unlocked Apple iPhone 11 64GB/128GB/256GB 3110mAh Dual 12MP Camera A13 6.1 inch LCD Screen iOS LTE 4G iphone11 64GB Simple Set/Red'')]//div[starts-with(@cel_widget_id,'MAIN-SEARCH_RESULTS')]//a/span[@class='a-price'] because of the following error:\nSyntaxError: Failed to execute 'evaluate' on 'Document': The string '//div[@data-component-type='s-search-result'][contains(text(), ''Original Unlocked Apple iPhone 11 64GB/128GB/256GB 3110mAh Dual 12MP Camera A13 6.1 inch LCD Screen iOS LTE 4G iphone11 64GB Simple Set/Red'')]//div[starts-with(@cel_widget_id,'MAIN-SEARCH_RESULTS')]//a/span[@class='a-price']' is not a valid XPath expression.\n  (Session info: MicrosoftEdge=117.0.2045.41)\nFor documentation on this error, please visit: https://www.selenium.dev/documentation/webdriver/troubleshooting/errors#invalid-selector-exception\nBuild info: version: '4.12.0', revision: '249f2a7d1b*'\nSystem info: os.name: 'Windows 11', os.arch: 'amd64', os.version: '10.0', java.version: '11.0.17'\nDriver info: org.openqa.selenium.edge.EdgeDriver\nCommand: [f1e6739da5ac69711e6a927cfa335eca, findElement {using=xpath, value=//div[@data-component-type='s-search-result'][contains(text(), ''Original Unlocked Apple iPhone 11 64GB/128GB/256GB 3110mAh Dual 12MP Camera A13 6.1 inch LCD Screen iOS LTE 4G iphone11 64GB Simple Set/Red'')]//div[starts-with(@cel_widget_id,'MAIN-SEARCH_RESULTS')]//a/span[@class='a-price']}]\nCapabilities {acceptInsecureCerts: false, browserName: msedge, browserVersion: 117.0.2045.41, fedcm:accounts: true, ms:edgeOptions: {debuggerAddress: localhost:58692}, msedge: {msedgedriverVersion: 117.0.2045.43 (fe8879882c1b..., userDataDir: C:\\Users\\tieuh\\AppData\\Loca...}, networkConnectionEnabled: false, pageLoadStrategy: normal, platformName: windows, proxy: Proxy(), se:cdp: ws://localhost:58692/devtoo..., se:cdpVersion: 117.0.2045.41, setWindowRect: true, strictFileInteractability: false, timeouts: {implicit: 0, pageLoad: 300000, script: 30000}, unhandledPromptBehavior: dismiss and notify, webauthn:extension:credBlob: true, webauthn:extension:largeBlob: true, webauthn:extension:minPinLength: true, webauthn:extension:prf: true, webauthn:virtualAuthenticators: true}\nSession ID: f1e6739da5ac69711e6a927cfa335eca\r\n\tat java.base/jdk.internal.reflect.NativeConstructorAccessorImpl.newInstance0(Native Method)\r\n\tat java.base/jdk.internal.reflect.NativeConstructorAccessorImpl.newInstance(NativeConstructorAccessorImpl.java:62)\r\n\tat java.base/jdk.internal.reflect.DelegatingConstructorAccessorImpl.newInstance(DelegatingConstructorAccessorImpl.java:45)\r\n\tat java.base/java.lang.reflect.Constructor.newInstance(Constructor.java:490)\r\n\tat org.openqa.selenium.remote.codec.w3c.W3CHttpResponseCodec.createException(W3CHttpResponseCodec.java:200)\r\n\tat org.openqa.selenium.remote.codec.w3c.W3CHttpResponseCodec.decode(W3CHttpResponseCodec.java:133)\r\n\tat org.openqa.selenium.remote.codec.w3c.W3CHttpResponseCodec.decode(W3CHttpResponseCodec.java:52)\r\n\tat org.openqa.selenium.remote.HttpCommandExecutor.execute(HttpCommandExecutor.java:191)\r\n\tat org.openqa.selenium.remote.service.DriverCommandExecutor.invokeExecute(DriverCommandExecutor.java:196)\r\n\tat org.openqa.selenium.remote.service.DriverCommandExecutor.execute(DriverCommandExecutor.java:171)\r\n\tat org.openqa.selenium.remote.RemoteWebDriver.execute(RemoteWebDriver.java:602)\r\n\tat org.openqa.selenium.remote.ElementLocation$ElementFinder$2.findElement(ElementLocation.java:165)\r\n\tat org.openqa.selenium.remote.ElementLocation.findElement(ElementLocation.java:59)\r\n\tat org.openqa.selenium.remote.RemoteWebDriver.findElement(RemoteWebDriver.java:359)\r\n\tat org.openqa.selenium.remote.RemoteWebDriver.findElement(RemoteWebDriver.java:353)\r\n\tat keywords.WebUI$4.apply(WebUI.java:1429)\r\n\tat keywords.WebUI$4.apply(WebUI.java:1426)\r\n\tat org.openqa.selenium.support.ui.FluentWait.until(FluentWait.java:205)\r\n\tat keywords.WebUI.findElementWithParam(WebUI.java:1426)\r\n\tat page.Amazon.findListProductSearch(Amazon.java:76)\r\n\tat step.AmazonStep.printListOfSearchedProducts(AmazonStep.java:39)\r\n\tat ✽.Customer see the list of searched products(file:///D:/VTI/Ecommerce_Product/src/main/resources/features/test.feature:9)\r\n"},"stage":"finished","description":"  Compare iPhone 11 prices on multiple ecommerce websites","steps":[{"name":"Given  Customer open the Amazon website","status":"passed","statusDetails":{"known":false,"muted":false,"flaky":false},"stage":"finished","steps":[],"attachments":[],"parameters":[],"start":1695781389160,"stop":1695781392737},{"name":"When  Customer input into search textbox on Amazon","status":"passed","statusDetails":{"known":false,"muted":false,"flaky":false},"stage":"finished","steps":[],"attachments":[{"name":"Data table","source":"e8030e5b-6f7c-4e35-be3c-6c579b8a4cee-attachment.csv","type":"text/tab-separated-values"},{"name":"Finding web element located by 'By.xpath: //input[@id='twotabsearchtextbox']'","source":"0cb477f6-380f-45b7-9646-fc386ae2a2d1-attachment","type":"text/plain"},{"name":"Found 1 web element located by 'By.xpath: //input[@id='twotabsearchtextbox']'","source":"aaa31020-f408-464c-83e6-d94fb582ea90-attachment","type":"text/plain"},{"name":"Finding web element located by 'By.xpath: //input[@id='nav-search-submit-button']'","source":"fc66e3ec-0020-4a6a-9b65-9d85013c7d91-attachment","type":"text/plain"},{"name":"Found 1 web element located by 'By.xpath: //input[@id='nav-search-submit-button']'","source":"124791d9-d1c1-4ce7-91ce-8ffb3252f055-attachment","type":"text/plain"}],"parameters":[],"start":1695781392741,"stop":1695781396064},{"name":"Then  Customer see the list of searched products","status":"broken","statusDetails":{"known":false,"muted":false,"flaky":false,"message":"invalid selector: Unable to locate an element with the xpath expression //div[@data-component-type='s-search-result'][contains(text(), ''Original Unlocked Apple iPhone 11 64GB/128GB/256GB 3110mAh Dual 12MP Camera A13 6.1 inch LCD Screen iOS LTE 4G iphone11 64GB Simple Set/Red'')]//div[starts-with(@cel_widget_id,'MAIN-SEARCH_RESULTS')]//a/span[@class='a-price'] because of the following error:\nSyntaxError: Failed to execute 'evaluate' on 'Document': The string '//div[@data-component-type='s-search-result'][contains(text(), ''Original Unlocked Apple iPhone 11 64GB/128GB/256GB 3110mAh Dual 12MP Camera A13 6.1 inch LCD Screen iOS LTE 4G iphone11 64GB Simple Set/Red'')]//div[starts-with(@cel_widget_id,'MAIN-SEARCH_RESULTS')]//a/span[@class='a-price']' is not a valid XPath expression.\n  (Session info: MicrosoftEdge=117.0.2045.41)\nFor documentation on this error, please visit: https://www.selenium.dev/documentation/webdriver/troubleshooting/errors#invalid-selector-exception\nBuild info: version: '4.12.0', revision: '249f2a7d1b*'\nSystem info: os.name: 'Windows 11', os.arch: 'amd64', os.version: '10.0', java.version: '11.0.17'\nDriver info: org.openqa.selenium.edge.EdgeDriver\nCommand: [f1e6739da5ac69711e6a927cfa335eca, findElement {using=xpath, value=//div[@data-component-type='s-search-result'][contains(text(), ''Original Unlocked Apple iPhone 11 64GB/128GB/256GB 3110mAh Dual 12MP Camera A13 6.1 inch LCD Screen iOS LTE 4G iphone11 64GB Simple Set/Red'')]//div[starts-with(@cel_widget_id,'MAIN-SEARCH_RESULTS')]//a/span[@class='a-price']}]\nCapabilities {acceptInsecureCerts: false, browserName: msedge, browserVersion: 117.0.2045.41, fedcm:accounts: true, ms:edgeOptions: {debuggerAddress: localhost:58692}, msedge: {msedgedriverVersion: 117.0.2045.43 (fe8879882c1b..., userDataDir: C:\\Users\\tieuh\\AppData\\Loca...}, networkConnectionEnabled: false, pageLoadStrategy: normal, platformName: windows, proxy: Proxy(), se:cdp: ws://localhost:58692/devtoo..., se:cdpVersion: 117.0.2045.41, setWindowRect: true, strictFileInteractability: false, timeouts: {implicit: 0, pageLoad: 300000, script: 30000}, unhandledPromptBehavior: dismiss and notify, webauthn:extension:credBlob: true, webauthn:extension:largeBlob: true, webauthn:extension:minPinLength: true, webauthn:extension:prf: true, webauthn:virtualAuthenticators: true}\nSession ID: f1e6739da5ac69711e6a927cfa335eca","trace":"org.openqa.selenium.InvalidSelectorException: invalid selector: Unable to locate an element with the xpath expression //div[@data-component-type='s-search-result'][contains(text(), ''Original Unlocked Apple iPhone 11 64GB/128GB/256GB 3110mAh Dual 12MP Camera A13 6.1 inch LCD Screen iOS LTE 4G iphone11 64GB Simple Set/Red'')]//div[starts-with(@cel_widget_id,'MAIN-SEARCH_RESULTS')]//a/span[@class='a-price'] because of the following error:\nSyntaxError: Failed to execute 'evaluate' on 'Document': The string '//div[@data-component-type='s-search-result'][contains(text(), ''Original Unlocked Apple iPhone 11 64GB/128GB/256GB 3110mAh Dual 12MP Camera A13 6.1 inch LCD Screen iOS LTE 4G iphone11 64GB Simple Set/Red'')]//div[starts-with(@cel_widget_id,'MAIN-SEARCH_RESULTS')]//a/span[@class='a-price']' is not a valid XPath expression.\n  (Session info: MicrosoftEdge=117.0.2045.41)\nFor documentation on this error, please visit: https://www.selenium.dev/documentation/webdriver/troubleshooting/errors#invalid-selector-exception\nBuild info: version: '4.12.0', revision: '249f2a7d1b*'\nSystem info: os.name: 'Windows 11', os.arch: 'amd64', os.version: '10.0', java.version: '11.0.17'\nDriver info: org.openqa.selenium.edge.EdgeDriver\nCommand: [f1e6739da5ac69711e6a927cfa335eca, findElement {using=xpath, value=//div[@data-component-type='s-search-result'][contains(text(), ''Original Unlocked Apple iPhone 11 64GB/128GB/256GB 3110mAh Dual 12MP Camera A13 6.1 inch LCD Screen iOS LTE 4G iphone11 64GB Simple Set/Red'')]//div[starts-with(@cel_widget_id,'MAIN-SEARCH_RESULTS')]//a/span[@class='a-price']}]\nCapabilities {acceptInsecureCerts: false, browserName: msedge, browserVersion: 117.0.2045.41, fedcm:accounts: true, ms:edgeOptions: {debuggerAddress: localhost:58692}, msedge: {msedgedriverVersion: 117.0.2045.43 (fe8879882c1b..., userDataDir: C:\\Users\\tieuh\\AppData\\Loca...}, networkConnectionEnabled: false, pageLoadStrategy: normal, platformName: windows, proxy: Proxy(), se:cdp: ws://localhost:58692/devtoo..., se:cdpVersion: 117.0.2045.41, setWindowRect: true, strictFileInteractability: false, timeouts: {implicit: 0, pageLoad: 300000, script: 30000}, unhandledPromptBehavior: dismiss and notify, webauthn:extension:credBlob: true, webauthn:extension:largeBlob: true, webauthn:extension:minPinLength: true, webauthn:extension:prf: true, webauthn:virtualAuthenticators: true}\nSession ID: f1e6739da5ac69711e6a927cfa335eca\r\n\tat java.base/jdk.internal.reflect.NativeConstructorAccessorImpl.newInstance0(Native Method)\r\n\tat java.base/jdk.internal.reflect.NativeConstructorAccessorImpl.newInstance(NativeConstructorAccessorImpl.java:62)\r\n\tat java.base/jdk.internal.reflect.DelegatingConstructorAccessorImpl.newInstance(DelegatingConstructorAccessorImpl.java:45)\r\n\tat java.base/java.lang.reflect.Constructor.newInstance(Constructor.java:490)\r\n\tat org.openqa.selenium.remote.codec.w3c.W3CHttpResponseCodec.createException(W3CHttpResponseCodec.java:200)\r\n\tat org.openqa.selenium.remote.codec.w3c.W3CHttpResponseCodec.decode(W3CHttpResponseCodec.java:133)\r\n\tat org.openqa.selenium.remote.codec.w3c.W3CHttpResponseCodec.decode(W3CHttpResponseCodec.java:52)\r\n\tat org.openqa.selenium.remote.HttpCommandExecutor.execute(HttpCommandExecutor.java:191)\r\n\tat org.openqa.selenium.remote.service.DriverCommandExecutor.invokeExecute(DriverCommandExecutor.java:196)\r\n\tat org.openqa.selenium.remote.service.DriverCommandExecutor.execute(DriverCommandExecutor.java:171)\r\n\tat org.openqa.selenium.remote.RemoteWebDriver.execute(RemoteWebDriver.java:602)\r\n\tat org.openqa.selenium.remote.ElementLocation$ElementFinder$2.findElement(ElementLocation.java:165)\r\n\tat org.openqa.selenium.remote.ElementLocation.findElement(ElementLocation.java:59)\r\n\tat org.openqa.selenium.remote.RemoteWebDriver.findElement(RemoteWebDriver.java:359)\r\n\tat org.openqa.selenium.remote.RemoteWebDriver.findElement(RemoteWebDriver.java:353)\r\n\tat keywords.WebUI$4.apply(WebUI.java:1429)\r\n\tat keywords.WebUI$4.apply(WebUI.java:1426)\r\n\tat org.openqa.selenium.support.ui.FluentWait.until(FluentWait.java:205)\r\n\tat keywords.WebUI.findElementWithParam(WebUI.java:1426)\r\n\tat page.Amazon.findListProductSearch(Amazon.java:76)\r\n\tat step.AmazonStep.printListOfSearchedProducts(AmazonStep.java:39)\r\n\tat ✽.Customer see the list of searched products(file:///D:/VTI/Ecommerce_Product/src/main/resources/features/test.feature:9)\r\n"},"stage":"finished","steps":[{"name":"find all products after search on amazon.com","status":"broken","statusDetails":{"known":false,"muted":false,"flaky":false,"message":"invalid selector: Unable to locate an element with the xpath expression //div[@data-component-type='s-search-result'][contains(text(), ''Original Unlocked Apple iPhone 11 64GB/128GB/256GB 3110mAh Dual 12MP Camera A13 6.1 inch LCD Screen iOS LTE 4G iphone11 64GB Simple Set/Red'')]//div[starts-with(@cel_widget_id,'MAIN-SEARCH_RESULTS')]//a/span[@class='a-price'] because of the following error:\nSyntaxError: Failed to execute 'evaluate' on 'Document': The string '//div[@data-component-type='s-search-result'][contains(text(), ''Original Unlocked Apple iPhone 11 64GB/128GB/256GB 3110mAh Dual 12MP Camera A13 6.1 inch LCD Screen iOS LTE 4G iphone11 64GB Simple Set/Red'')]//div[starts-with(@cel_widget_id,'MAIN-SEARCH_RESULTS')]//a/span[@class='a-price']' is not a valid XPath expression.\n  (Session info: MicrosoftEdge=117.0.2045.41)\nFor documentation on this error, please visit: https://www.selenium.dev/documentation/webdriver/troubleshooting/errors#invalid-selector-exception\nBuild info: version: '4.12.0', revision: '249f2a7d1b*'\nSystem info: os.name: 'Windows 11', os.arch: 'amd64', os.version: '10.0', java.version: '11.0.17'\nDriver info: org.openqa.selenium.edge.EdgeDriver\nCommand: [f1e6739da5ac69711e6a927cfa335eca, findElement {using=xpath, value=//div[@data-component-type='s-search-result'][contains(text(), ''Original Unlocked Apple iPhone 11 64GB/128GB/256GB 3110mAh Dual 12MP Camera A13 6.1 inch LCD Screen iOS LTE 4G iphone11 64GB Simple Set/Red'')]//div[starts-with(@cel_widget_id,'MAIN-SEARCH_RESULTS')]//a/span[@class='a-price']}]\nCapabilities {acceptInsecureCerts: false, browserName: msedge, browserVersion: 117.0.2045.41, fedcm:accounts: true, ms:edgeOptions: {debuggerAddress: localhost:58692}, msedge: {msedgedriverVersion: 117.0.2045.43 (fe8879882c1b..., userDataDir: C:\\Users\\tieuh\\AppData\\Loca...}, networkConnectionEnabled: false, pageLoadStrategy: normal, platformName: windows, proxy: Proxy(), se:cdp: ws://localhost:58692/devtoo..., se:cdpVersion: 117.0.2045.41, setWindowRect: true, strictFileInteractability: false, timeouts: {implicit: 0, pageLoad: 300000, script: 30000}, unhandledPromptBehavior: dismiss and notify, webauthn:extension:credBlob: true, webauthn:extension:largeBlob: true, webauthn:extension:minPinLength: true, webauthn:extension:prf: true, webauthn:virtualAuthenticators: true}\nSession ID: f1e6739da5ac69711e6a927cfa335eca","trace":"org.openqa.selenium.InvalidSelectorException: invalid selector: Unable to locate an element with the xpath expression //div[@data-component-type='s-search-result'][contains(text(), ''Original Unlocked Apple iPhone 11 64GB/128GB/256GB 3110mAh Dual 12MP Camera A13 6.1 inch LCD Screen iOS LTE 4G iphone11 64GB Simple Set/Red'')]//div[starts-with(@cel_widget_id,'MAIN-SEARCH_RESULTS')]//a/span[@class='a-price'] because of the following error:\nSyntaxError: Failed to execute 'evaluate' on 'Document': The string '//div[@data-component-type='s-search-result'][contains(text(), ''Original Unlocked Apple iPhone 11 64GB/128GB/256GB 3110mAh Dual 12MP Camera A13 6.1 inch LCD Screen iOS LTE 4G iphone11 64GB Simple Set/Red'')]//div[starts-with(@cel_widget_id,'MAIN-SEARCH_RESULTS')]//a/span[@class='a-price']' is not a valid XPath expression.\n  (Session info: MicrosoftEdge=117.0.2045.41)\nFor documentation on this error, please visit: https://www.selenium.dev/documentation/webdriver/troubleshooting/errors#invalid-selector-exception\nBuild info: version: '4.12.0', revision: '249f2a7d1b*'\nSystem info: os.name: 'Windows 11', os.arch: 'amd64', os.version: '10.0', java.version: '11.0.17'\nDriver info: org.openqa.selenium.edge.EdgeDriver\nCommand: [f1e6739da5ac69711e6a927cfa335eca, findElement {using=xpath, value=//div[@data-component-type='s-search-result'][contains(text(), ''Original Unlocked Apple iPhone 11 64GB/128GB/256GB 3110mAh Dual 12MP Camera A13 6.1 inch LCD Screen iOS LTE 4G iphone11 64GB Simple Set/Red'')]//div[starts-with(@cel_widget_id,'MAIN-SEARCH_RESULTS')]//a/span[@class='a-price']}]\nCapabilities {acceptInsecureCerts: false, browserName: msedge, browserVersion: 117.0.2045.41, fedcm:accounts: true, ms:edgeOptions: {debuggerAddress: localhost:58692}, msedge: {msedgedriverVersion: 117.0.2045.43 (fe8879882c1b..., userDataDir: C:\\Users\\tieuh\\AppData\\Loca...}, networkConnectionEnabled: false, pageLoadStrategy: normal, platformName: windows, proxy: Proxy(), se:cdp: ws://localhost:58692/devtoo..., se:cdpVersion: 117.0.2045.41, setWindowRect: true, strictFileInteractability: false, timeouts: {implicit: 0, pageLoad: 300000, script: 30000}, unhandledPromptBehavior: dismiss and notify, webauthn:extension:credBlob: true, webauthn:extension:largeBlob: true, webauthn:extension:minPinLength: true, webauthn:extension:prf: true, webauthn:virtualAuthenticators: true}\nSession ID: f1e6739da5ac69711e6a927cfa335eca\r\n\tat java.base/jdk.internal.reflect.NativeConstructorAccessorImpl.newInstance0(Native Method)\r\n\tat java.base/jdk.internal.reflect.NativeConstructorAccessorImpl.newInstance(NativeConstructorAccessorImpl.java:62)\r\n\tat java.base/jdk.internal.reflect.DelegatingConstructorAccessorImpl.newInstance(DelegatingConstructorAccessorImpl.java:45)\r\n\tat java.base/java.lang.reflect.Constructor.newInstance(Constructor.java:490)\r\n\tat org.openqa.selenium.remote.codec.w3c.W3CHttpResponseCodec.createException(W3CHttpResponseCodec.java:200)\r\n\tat org.openqa.selenium.remote.codec.w3c.W3CHttpResponseCodec.decode(W3CHttpResponseCodec.java:133)\r\n\tat org.openqa.selenium.remote.codec.w3c.W3CHttpResponseCodec.decode(W3CHttpResponseCodec.java:52)\r\n\tat org.openqa.selenium.remote.HttpCommandExecutor.execute(HttpCommandExecutor.java:191)\r\n\tat org.openqa.selenium.remote.service.DriverCommandExecutor.invokeExecute(DriverCommandExecutor.java:196)\r\n\tat org.openqa.selenium.remote.service.DriverCommandExecutor.execute(DriverCommandExecutor.java:171)\r\n\tat org.openqa.selenium.remote.RemoteWebDriver.execute(RemoteWebDriver.java:602)\r\n\tat org.openqa.selenium.remote.ElementLocation$ElementFinder$2.findElement(ElementLocation.java:165)\r\n\tat org.openqa.selenium.remote.ElementLocation.findElement(ElementLocation.java:59)\r\n\tat org.openqa.selenium.remote.RemoteWebDriver.findElement(RemoteWebDriver.java:359)\r\n\tat org.openqa.selenium.remote.RemoteWebDriver.findElement(RemoteWebDriver.java:353)\r\n\tat keywords.WebUI$4.apply(WebUI.java:1429)\r\n\tat keywords.WebUI$4.apply(WebUI.java:1426)\r\n\tat org.openqa.selenium.support.ui.FluentWait.until(FluentWait.java:205)\r\n\tat keywords.WebUI.findElementWithParam(WebUI.java:1426)\r\n\tat page.Amazon.findListProductSearch(Amazon.java:76)\r\n\tat step.AmazonStep.printListOfSearchedProducts(AmazonStep.java:39)\r\n\tat java.base/jdk.internal.reflect.NativeMethodAccessorImpl.invoke0(Native Method)\r\n\tat java.base/jdk.internal.reflect.NativeMethodAccessorImpl.invoke(NativeMethodAccessorImpl.java:62)\r\n\tat java.base/jdk.internal.reflect.DelegatingMethodAccessorImpl.invoke(DelegatingMethodAccessorImpl.java:43)\r\n\tat java.base/java.lang.reflect.Method.invoke(Method.java:566)\r\n\tat io.cucumber.java.Invoker.doInvoke(Invoker.java:66)\r\n\tat io.cucumber.java.Invoker.invoke(Invoker.java:24)\r\n\tat io.cucumber.java.AbstractGlueDefinition.invokeMethod(AbstractGlueDefinition.java:47)\r\n\tat io.cucumber.java.JavaStepDefinition.execute(JavaStepDefinition.java:29)\r\n\tat io.cucumber.core.runner.CoreStepDefinition.execute(CoreStepDefinition.java:66)\r\n\tat io.cucumber.core.runner.PickleStepDefinitionMatch.runStep(PickleStepDefinitionMatch.java:63)\r\n\tat io.cucumber.core.runner.ExecutionMode$1.execute(ExecutionMode.java:10)\r\n\tat io.cucumber.core.runner.TestStep.executeStep(TestStep.java:84)\r\n\tat io.cucumber.core.runner.TestStep.run(TestStep.java:56)\r\n\tat io.cucumber.core.runner.PickleStepTestStep.run(PickleStepTestStep.java:51)\r\n\tat io.cucumber.core.runner.TestCase.run(TestCase.java:84)\r\n\tat io.cucumber.core.runner.Runner.runPickle(Runner.java:75)\r\n\tat io.cucumber.testng.TestNGCucumberRunner.lambda$runScenario$1(TestNGCucumberRunner.java:132)\r\n\tat io.cucumber.core.runtime.CucumberExecutionContext.lambda$runTestCase$5(CucumberExecutionContext.java:137)\r\n\tat io.cucumber.core.runtime.RethrowingThrowableCollector.executeAndThrow(RethrowingThrowableCollector.java:23)\r\n\tat io.cucumber.core.runtime.CucumberExecutionContext.runTestCase(CucumberExecutionContext.java:137)\r\n\tat io.cucumber.testng.TestNGCucumberRunner.runScenario(TestNGCucumberRunner.java:129)\r\n\tat io.cucumber.testng.AbstractTestNGCucumberTests.runScenario(AbstractTestNGCucumberTests.java:35)\r\n\tat java.base/jdk.internal.reflect.NativeMethodAccessorImpl.invoke0(Native Method)\r\n\tat java.base/jdk.internal.reflect.NativeMethodAccessorImpl.invoke(NativeMethodAccessorImpl.java:62)\r\n\tat java.base/jdk.internal.reflect.DelegatingMethodAccessorImpl.invoke(DelegatingMethodAccessorImpl.java:43)\r\n\tat java.base/java.lang.reflect.Method.invoke(Method.java:566)\r\n\tat org.testng.internal.invokers.MethodInvocationHelper.invokeMethod(MethodInvocationHelper.java:139)\r\n\tat org.testng.internal.invokers.TestInvoker.invokeMethod(TestInvoker.java:664)\r\n\tat org.testng.internal.invokers.TestInvoker.invokeTestMethod(TestInvoker.java:227)\r\n\tat org.testng.internal.invokers.MethodRunner.runInSequence(MethodRunner.java:50)\r\n\tat org.testng.internal.invokers.TestInvoker$MethodInvocationAgent.invoke(TestInvoker.java:957)\r\n\tat org.testng.internal.invokers.TestInvoker.invokeTestMethods(TestInvoker.java:200)\r\n\tat org.testng.internal.invokers.TestMethodWorker.invokeTestMethods(TestMethodWorker.java:148)\r\n\tat org.testng.internal.invokers.TestMethodWorker.run(TestMethodWorker.java:128)\r\n\tat java.base/java.util.ArrayList.forEach(ArrayList.java:1541)\r\n\tat org.testng.TestRunner.privateRun(TestRunner.java:848)\r\n\tat org.testng.TestRunner.run(TestRunner.java:621)\r\n\tat org.testng.SuiteRunner.runTest(SuiteRunner.java:443)\r\n\tat org.testng.SuiteRunner.runSequentially(SuiteRunner.java:437)\r\n\tat org.testng.SuiteRunner.privateRun(SuiteRunner.java:397)\r\n\tat org.testng.SuiteRunner.run(SuiteRunner.java:336)\r\n\tat org.testng.SuiteRunnerWorker.runSuite(SuiteRunnerWorker.java:52)\r\n\tat org.testng.SuiteRunnerWorker.run(SuiteRunnerWorker.java:95)\r\n\tat org.testng.TestNG.runSuitesSequentially(TestNG.java:1280)\r\n\tat org.testng.TestNG.runSuitesLocally(TestNG.java:1200)\r\n\tat org.testng.TestNG.runSuites(TestNG.java:1114)\r\n\tat org.testng.TestNG.run(TestNG.java:1082)\r\n\tat com.intellij.rt.testng.IDEARemoteTestNG.run(IDEARemoteTestNG.java:66)\r\n\tat com.intellij.rt.testng.RemoteTestNGStarter.main(RemoteTestNGStarter.java:109)\r\n"},"stage":"finished","steps":[],"attachments":[],"parameters":[],"start":1695781396076,"stop":1695781400182}],"attachments":[],"parameters":[],"start":1695781396065,"stop":1695781400188}],"attachments":[],"parameters":[],"start":1695781389155,"stop":1695781400193}